<?xml version="1.0" encoding="UTF-8"?>
<testng-results ignored="0" total="6" passed="6" failed="0" skipped="0">
  <reporter-output>
  </reporter-output>
  <suite started-at="2023-04-02T06:53:58Z" name="Default suite" finished-at="2023-04-02T06:54:03Z" duration-ms="4853">
    <groups>
    </groups>
    <test started-at="2023-04-02T06:53:58Z" name="Default test" finished-at="2023-04-02T06:54:03Z" duration-ms="4853">
      <class name="api.Rest_Assured.Get_Request">
        <test-method signature="extract_response_data()[pri:0, instance:api.Rest_Assured.Get_Request@d41f816]" started-at="2023-04-02T06:53:58Z" name="extract_response_data" finished-at="2023-04-02T06:54:00Z" duration-ms="1850" status="PASS">
          <reporter-output>
          </reporter-output>
        </test-method> <!-- extract_response_data -->
        <test-method signature="extract_single_value()[pri:0, instance:api.Rest_Assured.Get_Request@d41f816]" started-at="2023-04-02T06:54:00Z" name="extract_single_value" finished-at="2023-04-02T06:54:01Z" duration-ms="1321" status="PASS">
          <reporter-output>
          </reporter-output>
        </test-method> <!-- extract_single_value -->
        <test-method signature="validate_json_response()[pri:0, instance:api.Rest_Assured.Get_Request@d41f816]" started-at="2023-04-02T06:54:01Z" name="validate_json_response" finished-at="2023-04-02T06:54:02Z" duration-ms="336" status="PASS">
          <reporter-output>
          </reporter-output>
        </test-method> <!-- validate_json_response -->
        <test-method signature="validate_xml_response()[pri:0, instance:api.Rest_Assured.Get_Request@d41f816]" started-at="2023-04-02T06:54:02Z" name="validate_xml_response" finished-at="2023-04-02T06:54:02Z" duration-ms="606" status="PASS">
          <reporter-output>
          </reporter-output>
        </test-method> <!-- validate_xml_response -->
        <test-method signature="verify_status_code()[pri:0, instance:api.Rest_Assured.Get_Request@d41f816]" started-at="2023-04-02T06:54:02Z" name="verify_status_code" finished-at="2023-04-02T06:54:02Z" duration-ms="115" status="PASS">
          <reporter-output>
          </reporter-output>
        </test-method> <!-- verify_status_code -->
        <test-method signature="verify_status_line()[pri:0, instance:api.Rest_Assured.Get_Request@d41f816]" started-at="2023-04-02T06:54:02Z" name="verify_status_line" finished-at="2023-04-02T06:54:03Z" duration-ms="594" status="PASS">
          <reporter-output>
          </reporter-output>
        </test-method> <!-- verify_status_line -->
      </class> <!-- api.Rest_Assured.Get_Request -->
    </test> <!-- Default test -->
  </suite> <!-- Default suite -->
</testng-results>
